#
# A fatal error has been detected by the Java Runtime Environment:
#
#  EXCEPTION_ACCESS_VIOLATION (0xc0000005) at pc=0x000000005581d68b, pid=18588, tid=25292
#
# JRE version: 7.0_13-b20
# Java VM: Java HotSpot(TM) 64-Bit Server VM (23.7-b01 mixed mode windows-amd64 compressed oops)
# Problematic frame:
# V  [jvm.dll+0x11d68b]
#
# Failed to write core dump. Minidumps are not enabled by default on client versions of Windows
#
# If you would like to submit a bug report, please visit:
#   http://bugreport.sun.com/bugreport/crash.jsp
#

---------------  T H R E A D  ---------------

Current thread (0x000000000be87800):  JavaThread "JDWP Transport Listener: dt_socket" daemon [_thread_in_vm, id=25292, stack(0x000000000d4b0000,0x000000000d5b0000)]

siginfo: ExceptionCode=0xc0000005, reading address 0x00003b003b656863

Registers:
RAX=0x000000000d5af301, RBX=0x000000000be87800, RCX=0x00003b003b656863, RDX=0x000000000be87800
RSP=0x000000000d5af2c0, RBP=0x00003b003b656863, RSI=0x000000000d5af3d8, RDI=0x0000000001309200
R8 =0x000000000d5af3d8, R9 =0x0000000000008000, R10=0x0000000000000000, R11=0x000000000d5af602
R12=0x0000000000000000, R13=0x0000000000000000, R14=0x0000000000000000, R15=0x0000000000000000
RIP=0x000000005581d68b, EFLAGS=0x0000000000010206

Top of Stack: (sp=0x000000000d5af2c0)
0x000000000d5af2c0:   000000000be87800 000000000be7fb40
0x000000000d5af2d0:   000000000d5af388 00000000559a3f99
0x000000000d5af2e0:   000000000be87800 00000000559bf962
0x000000000d5af2f0:   0000000000000000 000000000be87800
0x000000000d5af300:   000000000be02970 00000000555e264e
0x000000000d5af310:   000000000be87800 0000000000000000
0x000000000d5af320:   0000000000000000 0000000000000000
0x000000000d5af330:   00003b003b656863 00000000555e1745
0x000000000d5af340:   000000000d5af3d8 000000000d5af3b0
0x000000000d5af350:   0000000000000001 000000000be02970
0x000000000d5af360:   00003b003b656863 00000000555c53b3
0x000000000d5af370:   000000000d5af4a0 0000000000000001
0x000000000d5af380:   0000000000000001 000000000be02970
0x000000000d5af390:   0000000000000009 0000000000000000
0x000000000d5af3a0:   0000000000000000 0000000000000000
0x000000000d5af3b0:   0000000000000001 00000000555c5571 

Instructions: (pc=0x000000005581d68b)
0x000000005581d66b:   48 8b 5c 24 30 48 89 47 18 48 83 c4 20 5f c3 cc
0x000000005581d67b:   cc cc cc cc cc 40 53 48 83 ec 20 48 85 c9 74 54
0x000000005581d68b:   48 8b 19 48 85 db 74 4c 48 b8 fe fe fe fe fe fe
0x000000005581d69b:   fe fe 48 3b d8 74 3d 80 3d 6f e6 58 00 00 74 15 


Register to memory mapping:

RAX=0x000000000d5af301 is pointing into the stack for thread: 0x000000000be87800
RBX=0x000000000be87800 is a thread
RCX=0x00003b003b656863 is an unknown value
RDX=0x000000000be87800 is a thread
RSP=0x000000000d5af2c0 is pointing into the stack for thread: 0x000000000be87800
RBP=0x00003b003b656863 is an unknown value
RSI=0x000000000d5af3d8 is pointing into the stack for thread: 0x000000000be87800
RDI=0x0000000001309200 is an unknown value
R8 =0x000000000d5af3d8 is pointing into the stack for thread: 0x000000000be87800
R9 =0x0000000000008000 is an unknown value
R10=0x0000000000000000 is an unknown value
R11=0x000000000d5af602 is pointing into the stack for thread: 0x000000000be87800
R12=0x0000000000000000 is an unknown value
R13=0x0000000000000000 is an unknown value
R14=0x0000000000000000 is an unknown value
R15=0x0000000000000000 is an unknown value


Stack: [0x000000000d4b0000,0x000000000d5b0000],  sp=0x000000000d5af2c0,  free space=1020k
Native frames: (J=compiled Java code, j=interpreted, Vv=VM code, C=native code)
V  [jvm.dll+0x11d68b]


---------------  P R O C E S S  ---------------

Java Threads: ( => current thread )
  0x000000000beb0000 JavaThread "Service Thread" daemon [_thread_blocked, id=24792, stack(0x000000000d9b0000,0x000000000dab0000)]
  0x000000000beac000 JavaThread "C2 CompilerThread1" daemon [_thread_blocked, id=3584, stack(0x000000000d8b0000,0x000000000d9b0000)]
  0x000000000beaf000 JavaThread "C2 CompilerThread0" daemon [_thread_blocked, id=15648, stack(0x000000000d7b0000,0x000000000d8b0000)]
  0x000000000be95800 JavaThread "JDWP Command Reader" daemon [_thread_in_native, id=7940, stack(0x000000000d6b0000,0x000000000d7b0000)]
  0x000000000be92800 JavaThread "JDWP Event Helper Thread" daemon [_thread_blocked, id=5280, stack(0x000000000d5b0000,0x000000000d6b0000)]
=>0x000000000be87800 JavaThread "JDWP Transport Listener: dt_socket" daemon [_thread_in_vm, id=25292, stack(0x000000000d4b0000,0x000000000d5b0000)]
  0x000000000be81000 JavaThread "Attach Listener" daemon [_thread_blocked, id=25216, stack(0x000000000d320000,0x000000000d420000)]
  0x000000000be7e000 JavaThread "Signal Dispatcher" daemon [_thread_blocked, id=11436, stack(0x000000000d220000,0x000000000d320000)]
  0x000000000bdf9800 JavaThread "Finalizer" daemon [_thread_blocked, id=3504, stack(0x000000000d120000,0x000000000d220000)]
  0x000000000bdf1000 JavaThread "Reference Handler" daemon [_thread_blocked, id=18572, stack(0x000000000d020000,0x000000000d120000)]
  0x0000000002e20800 JavaThread "main" [_thread_blocked, id=20876, stack(0x0000000002d20000,0x0000000002e20000)]

Other Threads:
  0x000000000bde2800 VMThread [stack: 0x000000000cf20000,0x000000000d020000] [id=22124]
  0x000000000bed0800 WatcherThread [stack: 0x000000000dab0000,0x000000000dbb0000] [id=25576]

VM state:not at safepoint (normal execution)

VM Mutex/Monitor currently owned by a thread: None

Heap
 PSYoungGen      total 37888K, used 21535K [0x00000007d5c00000, 0x00000007d8640000, 0x0000000800000000)
  eden space 32512K, 66% used [0x00000007d5c00000,0x00000007d7107df8,0x00000007d7bc0000)
  from space 5376K, 0% used [0x00000007d8100000,0x00000007d8100000,0x00000007d8640000)
  to   space 5376K, 0% used [0x00000007d7bc0000,0x00000007d7bc0000,0x00000007d8100000)
 ParOldGen       total 86528K, used 0K [0x0000000781400000, 0x0000000786880000, 0x00000007d5c00000)
  object space 86528K, 0% used [0x0000000781400000,0x0000000781400000,0x0000000786880000)
 PSPermGen       total 21248K, used 9505K [0x000000077c200000, 0x000000077d6c0000, 0x0000000781400000)
  object space 21248K, 44% used [0x000000077c200000,0x000000077cb48640,0x000000077d6c0000)

Card table byte_map: [0x0000000005fe0000,0x0000000006400000] byte_map_base: 0x00000000023ff000

Polling page: 0x0000000001280000

Code Cache  [0x0000000002f20000, 0x0000000003190000, 0x0000000005f20000)
 total_blobs=371 nmethods=93 adapters=237 free_code_cache=48450Kb largest_free_block=49581952

Compilation events (10 events):
Event: 3.413 Thread 0x000000000beaf000   88             java.lang.String::substring (79 bytes)
Event: 3.415 Thread 0x000000000beac000   89             java.util.jar.Attributes$Name::isValid (45 bytes)
Event: 3.422 Thread 0x000000000beac000 nmethod 89 0x0000000002fcebd0 code [0x0000000002fced20, 0x0000000002fcef78]
Event: 3.422 Thread 0x000000000beaf000 nmethod 88 0x0000000002fbfd50 code [0x0000000002fbfec0, 0x0000000002fc0358]
Event: 3.422 Thread 0x000000000beac000   90             sun.misc.ASCIICaseInsensitiveComparator::lowerCaseHashCode (36 bytes)
Event: 3.428 Thread 0x000000000beac000 nmethod 90 0x0000000002fbdd90 code [0x0000000002fbdee0, 0x0000000002fbe1b8]
Event: 3.941 Thread 0x000000000beaf000   91             sun.misc.MetaIndex::mayContain (51 bytes)
Event: 3.945 Thread 0x000000000beaf000 nmethod 91 0x0000000002fbd390 code [0x0000000002fbd500, 0x0000000002fbd948]
Event: 3.963 Thread 0x000000000beac000   92             java.lang.AbstractStringBuilder::append (48 bytes)
Event: 3.967 Thread 0x000000000beac000 nmethod 92 0x0000000002fcffd0 code [0x0000000002fd0120, 0x0000000002fd05f8]

GC Heap History (0 events):
No events

Deoptimization events (2 events):
Event: 0.392 Thread 0x0000000002e20800 Uncommon trap -12 fr.pc 0x0000000002f89938
Event: 0.589 Thread 0x0000000002e20800 Uncommon trap -83 fr.pc 0x0000000002f96508

Internal exceptions (10 events):
Event: 3.970 Thread 0x0000000002e20800 Threw 0x00000007d704a470 at C:\jdk7u2_64p\jdk7u13\hotspot\src\share\vm\prims\jvm.cpp:1166
Event: 3.971 Thread 0x0000000002e20800 Threw 0x00000007d704e330 at C:\jdk7u2_64p\jdk7u13\hotspot\src\share\vm\prims\jvm.cpp:1166
Event: 3.972 Thread 0x0000000002e20800 Threw 0x00000007d7052778 at C:\jdk7u2_64p\jdk7u13\hotspot\src\share\vm\prims\jvm.cpp:1166
Event: 3.974 Thread 0x0000000002e20800 Threw 0x00000007d70568e0 at C:\jdk7u2_64p\jdk7u13\hotspot\src\share\vm\prims\jvm.cpp:1166
Event: 3.975 Thread 0x0000000002e20800 Threw 0x00000007d705cc90 at C:\jdk7u2_64p\jdk7u13\hotspot\src\share\vm\prims\jvm.cpp:1166
Event: 3.976 Thread 0x0000000002e20800 Threw 0x00000007d7061dd0 at C:\jdk7u2_64p\jdk7u13\hotspot\src\share\vm\prims\jvm.cpp:1166
Event: 3.977 Thread 0x0000000002e20800 Threw 0x00000007d70679c0 at C:\jdk7u2_64p\jdk7u13\hotspot\src\share\vm\prims\jvm.cpp:1166
Event: 3.978 Thread 0x0000000002e20800 Threw 0x00000007d706b938 at C:\jdk7u2_64p\jdk7u13\hotspot\src\share\vm\prims\jvm.cpp:1166
Event: 3.979 Thread 0x0000000002e20800 Threw 0x00000007d7071760 at C:\jdk7u2_64p\jdk7u13\hotspot\src\share\vm\prims\jvm.cpp:1166
Event: 3.981 Thread 0x0000000002e20800 Threw 0x00000007d7075860 at C:\jdk7u2_64p\jdk7u13\hotspot\src\share\vm\prims\jvm.cpp:1166

Events (10 events):
Event: 27.201 Executing VM operation: GetOrSetLocal
Event: 27.201 Executing VM operation: GetOrSetLocal done
Event: 27.208 Executing VM operation: GetOrSetLocal
Event: 27.208 Executing VM operation: GetOrSetLocal done
Event: 27.209 Executing VM operation: GetOrSetLocal
Event: 27.209 Executing VM operation: GetOrSetLocal done
Event: 48.486 Executing VM operation: RedefineClasses
Event: 48.487 Executing VM operation: RedefineClasses done
Event: 134.302 Executing VM operation: RedefineClasses
Event: 134.302 Executing VM operation: RedefineClasses done


Dynamic libraries:
0x00007ff7f2240000 - 0x00007ff7f2273000 	C:\Program Files\Java\jre7\bin\javaw.exe
0x00007ff996a40000 - 0x00007ff996bea000 	C:\Windows\SYSTEM32\ntdll.dll
0x00007ff9967e0000 - 0x00007ff99691a000 	C:\Windows\system32\KERNEL32.DLL
0x00007ff9941b0000 - 0x00007ff9942bf000 	C:\Windows\system32\KERNELBASE.dll
0x00007ff992730000 - 0x00007ff9927b8000 	C:\Windows\system32\apphelp.dll
0x00007ff97d340000 - 0x00007ff97d38f000 	C:\Windows\AppPatch\AppPatch64\AcGenral.DLL
0x00007ff995db0000 - 0x00007ff995e57000 	C:\Windows\system32\msvcrt.dll
0x00007ff993b80000 - 0x00007ff993bab000 	C:\Windows\SYSTEM32\SspiCli.dll
0x00007ff996780000 - 0x00007ff9967d1000 	C:\Windows\system32\SHLWAPI.dll
0x00007ff994460000 - 0x00007ff9945d1000 	C:\Windows\system32\USER32.dll
0x00007ff9945f0000 - 0x00007ff994768000 	C:\Windows\system32\ole32.dll
0x00007ff994820000 - 0x00007ff995c3f000 	C:\Windows\system32\SHELL32.dll
0x00007ff9933c0000 - 0x00007ff9933de000 	C:\Windows\SYSTEM32\USERENV.dll
0x00007ff995c40000 - 0x00007ff995ce5000 	C:\Windows\system32\ADVAPI32.dll
0x00007ff98cb40000 - 0x00007ff98cb5b000 	C:\Windows\SYSTEM32\MPR.dll
0x00007ff996040000 - 0x00007ff996177000 	C:\Windows\system32\RPCRT4.dll
0x00007ff996920000 - 0x00007ff996977000 	C:\Windows\SYSTEM32\sechost.dll
0x00007ff996250000 - 0x00007ff996426000 	C:\Windows\SYSTEM32\combase.dll
0x00007ff996570000 - 0x00007ff9966b4000 	C:\Windows\system32\GDI32.dll
0x00007ff993db0000 - 0x00007ff993dc4000 	C:\Windows\SYSTEM32\profapi.dll
0x00007ff9922b0000 - 0x00007ff99234f000 	C:\Windows\SYSTEM32\SHCORE.dll
0x00007ff995cf0000 - 0x00007ff995d24000 	C:\Windows\system32\IMM32.DLL
0x00007ff996430000 - 0x00007ff996569000 	C:\Windows\system32\MSCTF.dll
0x00007ff991ab0000 - 0x00007ff991d0a000 	C:\Windows\WinSxS\amd64_microsoft.windows.common-controls_6595b64144ccf1df_6.0.9600.17031_none_6242a4b3ecbb55a1\COMCTL32.dll
0x0000000055e20000 - 0x0000000055ef1000 	C:\Program Files\Java\jre7\bin\msvcr100.dll
0x0000000055700000 - 0x0000000055e1f000 	C:\Program Files\Java\jre7\bin\server\jvm.dll
0x00007ff98d3d0000 - 0x00007ff98d3d9000 	C:\Windows\SYSTEM32\WSOCK32.dll
0x00007ff987990000 - 0x00007ff9879af000 	C:\Windows\SYSTEM32\WINMM.dll
0x00007ff9945e0000 - 0x00007ff9945e7000 	C:\Windows\system32\PSAPI.DLL
0x00007ff995d30000 - 0x00007ff995d88000 	C:\Windows\system32\WS2_32.dll
0x00007ff987960000 - 0x00007ff98798a000 	C:\Windows\SYSTEM32\WINMMBASE.dll
0x00007ff9966c0000 - 0x00007ff9966c9000 	C:\Windows\system32\NSI.dll
0x00007ff994110000 - 0x00007ff99415a000 	C:\Windows\SYSTEM32\cfgmgr32.dll
0x00007ff992c30000 - 0x00007ff992c56000 	C:\Windows\SYSTEM32\DEVOBJ.dll
0x0000000056270000 - 0x000000005627f000 	C:\Program Files\Java\jre7\bin\verify.dll
0x00000000556d0000 - 0x00000000556f8000 	C:\Program Files\Java\jre7\bin\java.dll
0x00000000555c0000 - 0x00000000555f5000 	C:\Program Files\Java\jre7\bin\jdwp.dll
0x00000000555b0000 - 0x00000000555b8000 	C:\Program Files\Java\jre7\bin\npt.dll
0x00000000556b0000 - 0x00000000556c5000 	C:\Program Files\Java\jre7\bin\zip.dll
0x00000000554d0000 - 0x00000000554d9000 	C:\Program Files\Java\jre7\bin\dt_socket.dll
0x00007ff98d330000 - 0x00007ff98d344000 	C:\Windows\system32\napinsp.dll
0x00007ff98cd50000 - 0x00007ff98cd69000 	C:\Windows\system32\pnrpnsp.dll
0x00007ff991960000 - 0x00007ff991979000 	C:\Windows\system32\NLAapi.dll
0x00007ff9935d0000 - 0x00007ff993628000 	C:\Windows\System32\mswsock.dll
0x00007ff9933e0000 - 0x00007ff993483000 	C:\Windows\SYSTEM32\DNSAPI.dll
0x00007ff98d350000 - 0x00007ff98d35c000 	C:\Windows\System32\winrnr.dll
0x00007ff98f300000 - 0x00007ff98f368000 	C:\Windows\System32\fwpuclnt.dll
0x00007ff98dbd0000 - 0x00007ff98dbd9000 	C:\Windows\System32\rasadhlp.dll
0x0000000055640000 - 0x0000000055664000 	C:\Program Files\Java\jre7\bin\sunec.dll
0x0000000055630000 - 0x000000005563b000 	C:\Program Files\Java\jre7\bin\sunmscapi.dll
0x00007ff993f30000 - 0x00007ff994107000 	C:\Windows\system32\CRYPT32.dll
0x00007ff993e60000 - 0x00007ff993e72000 	C:\Windows\system32\MSASN1.dll
0x00007ff993670000 - 0x00007ff99368e000 	C:\Windows\SYSTEM32\CRYPTSP.dll
0x00007ff9932b0000 - 0x00007ff9932e5000 	C:\Windows\system32\rsaenh.dll
0x00007ff9938a0000 - 0x00007ff9938c6000 	C:\Windows\SYSTEM32\bcrypt.dll
0x00007ff993bc0000 - 0x00007ff993c20000 	C:\Windows\system32\bcryptprimitives.dll
0x00007ff993c20000 - 0x00007ff993c2a000 	C:\Windows\SYSTEM32\CRYPTBASE.dll
0x0000000055690000 - 0x00000000556a9000 	C:\Program Files\Java\jre7\bin\net.dll
0x00007ff98f4a0000 - 0x00007ff98f4c9000 	C:\Windows\SYSTEM32\IPHLPAPI.DLL
0x00007ff98f480000 - 0x00007ff98f48a000 	C:\Windows\SYSTEM32\WINNSI.DLL
0x0000000055670000 - 0x0000000055681000 	C:\Program Files\Java\jre7\bin\nio.dll
0x00007ff981490000 - 0x00007ff981618000 	C:\Windows\SYSTEM32\dbghelp.dll

VM Arguments:
jvm_args: -agentlib:jdwp=transport=dt_socket,suspend=y,address=localhost:7318 -Dfile.encoding=GBK 
java_command: Main
Launcher Type: SUN_STANDARD

Environment Variables:
JAVA_HOME=C:\Program Files\Java\jdk1.7.0_13
CLASSPATH=CLASSPATH=.;C:\Program Files\Java\jdk1.7.0_13\lib\tools.jar
PATH=C:\Windows\system32;C:\Windows;C:\Windows\System32\Wbem;C:\Windows\System32\WindowsPowerShell\v1.0\;C:\Program Files (x86)\Windows Kits\8.1\Windows Performance Toolkit\;C:\Program Files\Microsoft SQL Server\110\Tools\Binn\;C:\Program Files (x86)\Microsoft SQL Server\110\Tools\Binn\;C:\Program Files\Microsoft SQL Server\110\DTS\Binn\;C:\Program Files (x86)\Microsoft SQL Server\110\Tools\Binn\ManagementStudio\;C:\Program Files (x86)\Microsoft Visual Studio 10.0\Common7\IDE\PrivateAssemblies\;C:\Program Files (x86)\Microsoft SQL Server\110\DTS\Binn\;C:\Program Files (x86)\VisualSVN\bin;C:\Program Files\TortoiseSVN\bin;C:\Program Files\Java\jdk1.7.0_13\bin;D:\Program Files\nodejs\;D:\npm-2.0.2\node_modules;D:\apache-ant-1.8.2\bin;d:\Program Files (x86)\ÔÆ´Ê×ÀÃæ°æ\bpl;C:\Users\mi177\AppData\Roaming\npm
USERNAME=MI177
OS=Windows_NT
PROCESSOR_IDENTIFIER=Intel64 Family 6 Model 60 Stepping 3, GenuineIntel



---------------  S Y S T E M  ---------------

OS: Windows 8 , 64 bit Build 9200 

CPU:total 4 (4 cores per cpu, 1 threads per core) family 6 model 60 stepping 3, cmov, cx8, fxsr, mmx, sse, sse2, sse3, ssse3, sse4.1, sse4.2, popcnt, avx, avx2, tsc, tscinvbit

Memory: 4k page, physical 8305416k(1390132k free), swap 17742600k(6682692k free)

vm_info: Java HotSpot(TM) 64-Bit Server VM (23.7-b01) for windows-amd64 JRE (1.7.0_13-b20), built on Jan 30 2013 10:10:00 by "java_re" with unknown MS VC++:1600

time: Thu Oct 16 17:55:23 2014
elapsed time: 134 seconds

